<?xml version="1.0" encoding="UTF-8"?>
<testsuite xmlns:xsi="http://www.w3.org/2001/XMLSchema-instance" xsi:noNamespaceSchemaLocation="https://maven.apache.org/surefire/maven-surefire-plugin/xsd/surefire-test-report-3.0.xsd" version="3.0" name="com.baeldung.jwt.ContextIntegrationTest" time="2.267" tests="1" errors="0" skipped="0" failures="0">
  <properties>
[...]
</properties>
  <testcase name="whenLoadApplication_thenSuccess" classname="com.baeldung.jwt.ContextIntegrationTest" time="0.393">
    <system-out><![CDATA[
  .   ____          _            __ _ _
 /\\ / ___'_ __ _ _(_)_ __  __ _ \ \ \ \
( ( )\___ | '_ | '_| | '_ \/ _` | \ \ \ \
 \\/  ___)| |_)| | | | | || (_| |  ) ) ) )
  '  |____| .__|_| |_|_| |_\__, | / / / /
 =========|_|==============|___/=/_/_/_/
 :: Spring Boot ::                (v3.1.1)

2024-03-26T09:53:31.262+07:00  INFO 35498 --- [           main] c.baeldung.jwt.ContextIntegrationTest    : Starting ContextIntegrationTest using Java 21.0.2 with PID 35498 (started by ak-kawittahae in /Users/ak-kawittahae/Work/Betimes/BT/OAG-TSEA/oag-tsea-authorization-server)
2024-03-26T09:53:31.264+07:00  INFO 35498 --- [           main] c.baeldung.jwt.ContextIntegrationTest    : No active profile set, falling back to 1 default profile: "default"
2024-03-26T09:53:31.753+07:00  INFO 35498 --- [           main] .s.d.r.c.RepositoryConfigurationDelegate : Bootstrapping Spring Data JPA repositories in DEFAULT mode.
2024-03-26T09:53:31.763+07:00  INFO 35498 --- [           main] .s.d.r.c.RepositoryConfigurationDelegate : Finished Spring Data repository scanning in 6 ms. Found 0 JPA repository interfaces.
2024-03-26T09:53:32.004+07:00  INFO 35498 --- [           main] o.hibernate.jpa.internal.util.LogHelper  : HHH000204: Processing PersistenceUnitInfo [name: default]
2024-03-26T09:53:32.035+07:00  INFO 35498 --- [           main] org.hibernate.Version                    : HHH000412: Hibernate ORM core version 6.2.5.Final
2024-03-26T09:53:32.036+07:00  INFO 35498 --- [           main] org.hibernate.cfg.Environment            : HHH000406: Using bytecode reflection optimizer
2024-03-26T09:53:32.095+07:00  INFO 35498 --- [           main] o.h.b.i.BytecodeProviderInitiator        : HHH000021: Bytecode provider name : bytebuddy
2024-03-26T09:53:32.149+07:00  INFO 35498 --- [           main] o.s.o.j.p.SpringPersistenceUnitInfo      : No LoadTimeWeaver setup: ignoring JPA class transformer
2024-03-26T09:53:32.156+07:00  INFO 35498 --- [           main] com.zaxxer.hikari.HikariDataSource       : HikariPool-1 - Starting...
2024-03-26T09:53:32.304+07:00  INFO 35498 --- [           main] com.zaxxer.hikari.pool.HikariPool        : HikariPool-1 - Added connection conn0: url=jdbc:h2:mem:b43afec9-0fcb-4153-b073-3b2664c67913 user=SA
2024-03-26T09:53:32.305+07:00  INFO 35498 --- [           main] com.zaxxer.hikari.HikariDataSource       : HikariPool-1 - Start completed.
2024-03-26T09:53:32.322+07:00  WARN 35498 --- [           main] org.hibernate.dialect.Dialect            : HHH000511: The 2.1.0 version for [org.hibernate.dialect.MySQLDialect] is no longer supported, hence certain features may not work properly. The minimum supported version is 5.7.0. Check the community dialects project for available legacy versions.
2024-03-26T09:53:32.367+07:00  INFO 35498 --- [           main] o.h.b.i.BytecodeProviderInitiator        : HHH000021: Bytecode provider name : bytebuddy
2024-03-26T09:53:32.425+07:00  WARN 35498 --- [           main] .k.m.m.s.j.h.c.JpaMapFunctionContributor : Dialect org.hibernate.dialect.MySQLDialect, version: 2.1 not recognized.
2024-03-26T09:53:32.477+07:00  INFO 35498 --- [           main] o.h.e.t.j.p.i.JtaPlatformInitiator       : HHH000490: Using JtaPlatform implementation: [org.hibernate.engine.transaction.jta.platform.internal.NoJtaPlatform]
2024-03-26T09:53:32.480+07:00  INFO 35498 --- [           main] j.LocalContainerEntityManagerFactoryBean : Initialized JPA EntityManagerFactory for persistence unit 'default'
2024-03-26T09:53:32.572+07:00  WARN 35498 --- [           main] JpaBaseConfiguration$JpaWebConfiguration : spring.jpa.open-in-view is enabled by default. Therefore, database queries may be performed during view rendering. Explicitly configure spring.jpa.open-in-view to disable this warning
2024-03-26T09:53:32.792+07:00  INFO 35498 --- [           main] o.s.b.a.e.web.EndpointLinksResolver      : Exposing 1 endpoint(s) beneath base path '/actuator'
2024-03-26T09:53:32.828+07:00  INFO 35498 --- [           main] c.baeldung.jwt.ContextIntegrationTest    : Started ContextIntegrationTest in 1.694 seconds (process running for 2.144)
2024-03-26T09:53:32.830+07:00  INFO 35498 --- [           main] c.b.authserver.AuthorizationServerApp    : Embedded Keycloak started: http://localhost:8080/auth to use keycloak
]]></system-out>
    <system-err><![CDATA[WARNING: A Java agent has been loaded dynamically (/Users/ak-kawittahae/.m2/repository/net/bytebuddy/byte-buddy-agent/1.14.5/byte-buddy-agent-1.14.5.jar)
WARNING: If a serviceability tool is in use, please run with -XX:+EnableDynamicAgentLoading to hide this warning
WARNING: If a serviceability tool is not in use, please run with -Djdk.instrument.traceUsage for more information
WARNING: Dynamic loading of agents will be disallowed by default in a future release
]]></system-err>
  </testcase>
</testsuite>